<?xml version="1.0" encoding="UTF-8"?>
<testsuite name="com.cm6123.monopoly.s5rental.GameControllerTests" tests="1" skipped="0" failures="0" errors="0" timestamp="2025-05-01T13:32:05" hostname="Elas-MacBook-Air-5.local" time="0.016">
  <properties/>
  <testcase name="test200BonusPlus1PercentRentalPriceOfAllPropertiesOwn()" classname="com.cm6123.monopoly.s5rental.GameControllerTests" time="0.016"/>
  <system-out><![CDATA[]]></system-out>
  <system-err><![CDATA[]]></system-err>
</testsuite>
