<?xml version="1.0" encoding="UTF-8"?>
<testsuite name="com.cm6123.monopoly.s4purchase.PropertyManagerTests" tests="3" skipped="0" failures="0" errors="0" timestamp="2025-05-01T13:32:05" hostname="Elas-MacBook-Air-5.local" time="0.003">
  <properties/>
  <testcase name="testProcessSpaceForPlayerDoesntBuyProperty()" classname="com.cm6123.monopoly.s4purchase.PropertyManagerTests" time="0.001"/>
  <testcase name="testProcessSpaceForPlayerPlayerCannotAffordProperty()" classname="com.cm6123.monopoly.s4purchase.PropertyManagerTests" time="0.0"/>
  <testcase name="testProcessSpaceForPlayerDoesBuyProperty()" classname="com.cm6123.monopoly.s4purchase.PropertyManagerTests" time="0.001"/>
  <system-out><![CDATA[]]></system-out>
  <system-err><![CDATA[]]></system-err>
</testsuite>
