<?xml version="1.0" encoding="UTF-8"?>
<testsuite name="com.cm6123.monopoly.s1navigation.GameControllerTests" tests="31" skipped="0" failures="0" errors="0" timestamp="2025-05-01T13:32:04" hostname="Elas-MacBook-Air-5.local" time="0.21">
  <properties/>
  <testcase name="testTwoPlayerDraw()" classname="com.cm6123.monopoly.s1navigation.GameControllerTests" time="0.052"/>
  <testcase name="testSingleWinner()" classname="com.cm6123.monopoly.s1navigation.GameControllerTests" time="0.002"/>
  <testcase name="[1] 12, 9, 200.00, 16, 120.00" classname="com.cm6123.monopoly.s1navigation.GameControllerTests" time="0.024"/>
  <testcase name="[2] 10, 5, 200.00, 16, 0.00" classname="com.cm6123.monopoly.s1navigation.GameControllerTests" time="0.004"/>
  <testcase name="[3] 3, 7, 0.00, 16, 30.00" classname="com.cm6123.monopoly.s1navigation.GameControllerTests" time="0.007"/>
  <testcase name="[4] 6, 13, 0.00, 16, 60.00" classname="com.cm6123.monopoly.s1navigation.GameControllerTests" time="0.004"/>
  <testcase name="[5] 11, 7, 200.00, 16, 110.00" classname="com.cm6123.monopoly.s1navigation.GameControllerTests" time="0.004"/>
  <testcase name="[6] 8, 1, 200.00, 16, 80.00" classname="com.cm6123.monopoly.s1navigation.GameControllerTests" time="0.006"/>
  <testcase name="[7] 5, 11, 0.00, 12, 50.00" classname="com.cm6123.monopoly.s1navigation.GameControllerTests" time="0.004"/>
  <testcase name="[8] 7, 3, 200.00, 12, 70.00" classname="com.cm6123.monopoly.s1navigation.GameControllerTests" time="0.004"/>
  <testcase name="[9] 12, 5, 400.00, 10, 240.00" classname="com.cm6123.monopoly.s1navigation.GameControllerTests" time="0.009"/>
  <testcase name="[10] 11, 1, 400.00, 11, 0.00" classname="com.cm6123.monopoly.s1navigation.GameControllerTests" time="0.006"/>
  <testcase name="[11] 9, 9, 200.00, 10, 0.00" classname="com.cm6123.monopoly.s1navigation.GameControllerTests" time="0.005"/>
  <testcase name="testAllPlayerDraw()" classname="com.cm6123.monopoly.s1navigation.GameControllerTests" time="0.001"/>
  <testcase name="[1] 3, 5, true" classname="com.cm6123.monopoly.s1navigation.GameControllerTests" time="0.001"/>
  <testcase name="[2] 5, 5, true" classname="com.cm6123.monopoly.s1navigation.GameControllerTests" time="0.0"/>
  <testcase name="[3] 6, 5, false" classname="com.cm6123.monopoly.s1navigation.GameControllerTests" time="0.001"/>
  <testcase name="[4] 4, 4, true" classname="com.cm6123.monopoly.s1navigation.GameControllerTests" time="0.001"/>
  <testcase name="[5] 7, 6, false" classname="com.cm6123.monopoly.s1navigation.GameControllerTests" time="0.0"/>
  <testcase name="[1] 2" classname="com.cm6123.monopoly.s1navigation.GameControllerTests" time="0.0"/>
  <testcase name="[2] 3" classname="com.cm6123.monopoly.s1navigation.GameControllerTests" time="0.001"/>
  <testcase name="[3] 4" classname="com.cm6123.monopoly.s1navigation.GameControllerTests" time="0.001"/>
  <testcase name="[4] 5" classname="com.cm6123.monopoly.s1navigation.GameControllerTests" time="0.001"/>
  <testcase name="[5] 6" classname="com.cm6123.monopoly.s1navigation.GameControllerTests" time="0.001"/>
  <testcase name="[6] 7" classname="com.cm6123.monopoly.s1navigation.GameControllerTests" time="0.0"/>
  <testcase name="[7] 8" classname="com.cm6123.monopoly.s1navigation.GameControllerTests" time="0.0"/>
  <testcase name="[8] 9" classname="com.cm6123.monopoly.s1navigation.GameControllerTests" time="0.0"/>
  <testcase name="[9] 10" classname="com.cm6123.monopoly.s1navigation.GameControllerTests" time="0.001"/>
  <testcase name="[1] 2, 10, 5" classname="com.cm6123.monopoly.s1navigation.GameControllerTests" time="0.001"/>
  <testcase name="[2] 3, 16, 10" classname="com.cm6123.monopoly.s1navigation.GameControllerTests" time="0.002"/>
  <testcase name="[3] 4, 20, 20" classname="com.cm6123.monopoly.s1navigation.GameControllerTests" time="0.001"/>
  <system-out><![CDATA[Player 1 passed GO! Bonus £200 and 1% of total rental cost of your properties: £0.00
Congestion fine has been charged to Player 1. Charge of £120.00
Player 2 passed GO! Bonus £200 and 1% of total rental cost of your properties: £0.00
Congestion fine has been charged to Player 2. Charge of £120.00
Player 3 passed GO! Bonus £200 and 1% of total rental cost of your properties: £0.00
Congestion fine has been charged to Player 3. Charge of £120.00
Player 4 passed GO! Bonus £200 and 1% of total rental cost of your properties: £0.00
Congestion fine has been charged to Player 4. Charge of £120.00
Player 5 passed GO! Bonus £200 and 1% of total rental cost of your properties: £0.00
Congestion fine has been charged to Player 5. Charge of £120.00
Player 6 passed GO! Bonus £200 and 1% of total rental cost of your properties: £0.00
Congestion fine has been charged to Player 6. Charge of £120.00
Player 7 passed GO! Bonus £200 and 1% of total rental cost of your properties: £0.00
Congestion fine has been charged to Player 7. Charge of £120.00
Player 8 passed GO! Bonus £200 and 1% of total rental cost of your properties: £0.00
Congestion fine has been charged to Player 8. Charge of £120.00
Player 9 passed GO! Bonus £200 and 1% of total rental cost of your properties: £0.00
Congestion fine has been charged to Player 9. Charge of £120.00
Player 10 passed GO! Bonus £200 and 1% of total rental cost of your properties: £0.00
Congestion fine has been charged to Player 10. Charge of £120.00
Player 1 passed GO! Bonus £200 and 1% of total rental cost of your properties: £0.00
Player 2 passed GO! Bonus £200 and 1% of total rental cost of your properties: £0.00
Player 3 passed GO! Bonus £200 and 1% of total rental cost of your properties: £0.00
Player 4 passed GO! Bonus £200 and 1% of total rental cost of your properties: £0.00
Player 5 passed GO! Bonus £200 and 1% of total rental cost of your properties: £0.00
Player 6 passed GO! Bonus £200 and 1% of total rental cost of your properties: £0.00
Player 7 passed GO! Bonus £200 and 1% of total rental cost of your properties: £0.00
Player 8 passed GO! Bonus £200 and 1% of total rental cost of your properties: £0.00
Player 9 passed GO! Bonus £200 and 1% of total rental cost of your properties: £0.00
Player 10 passed GO! Bonus £200 and 1% of total rental cost of your properties: £0.00
Congestion fine has been charged to Player 1. Charge of £30.00
Congestion fine has been charged to Player 2. Charge of £30.00
Congestion fine has been charged to Player 3. Charge of £30.00
Congestion fine has been charged to Player 4. Charge of £30.00
Congestion fine has been charged to Player 5. Charge of £30.00
Congestion fine has been charged to Player 6. Charge of £30.00
Congestion fine has been charged to Player 7. Charge of £30.00
Congestion fine has been charged to Player 8. Charge of £30.00
Congestion fine has been charged to Player 9. Charge of £30.00
Congestion fine has been charged to Player 10. Charge of £30.00
Congestion fine has been charged to Player 1. Charge of £60.00
Congestion fine has been charged to Player 2. Charge of £60.00
Congestion fine has been charged to Player 3. Charge of £60.00
Congestion fine has been charged to Player 4. Charge of £60.00
Congestion fine has been charged to Player 5. Charge of £60.00
Congestion fine has been charged to Player 6. Charge of £60.00
Congestion fine has been charged to Player 7. Charge of £60.00
Congestion fine has been charged to Player 8. Charge of £60.00
Congestion fine has been charged to Player 9. Charge of £60.00
Congestion fine has been charged to Player 10. Charge of £60.00
Player 1 passed GO! Bonus £200 and 1% of total rental cost of your properties: £0.00
Congestion fine has been charged to Player 1. Charge of £110.00
Player 2 passed GO! Bonus £200 and 1% of total rental cost of your properties: £0.00
Congestion fine has been charged to Player 2. Charge of £110.00
Player 3 passed GO! Bonus £200 and 1% of total rental cost of your properties: £0.00
Congestion fine has been charged to Player 3. Charge of £110.00
Player 4 passed GO! Bonus £200 and 1% of total rental cost of your properties: £0.00
Congestion fine has been charged to Player 4. Charge of £110.00
Player 5 passed GO! Bonus £200 and 1% of total rental cost of your properties: £0.00
Congestion fine has been charged to Player 5. Charge of £110.00
Player 6 passed GO! Bonus £200 and 1% of total rental cost of your properties: £0.00
Congestion fine has been charged to Player 6. Charge of £110.00
Player 7 passed GO! Bonus £200 and 1% of total rental cost of your properties: £0.00
Congestion fine has been charged to Player 7. Charge of £110.00
Player 8 passed GO! Bonus £200 and 1% of total rental cost of your properties: £0.00
Congestion fine has been charged to Player 8. Charge of £110.00
Player 9 passed GO! Bonus £200 and 1% of total rental cost of your properties: £0.00
Congestion fine has been charged to Player 9. Charge of £110.00
Player 10 passed GO! Bonus £200 and 1% of total rental cost of your properties: £0.00
Congestion fine has been charged to Player 10. Charge of £110.00
Congestion fine has been charged to Player 1. Charge of £80.00
Congestion fine has been charged to Player 2. Charge of £80.00
Congestion fine has been charged to Player 3. Charge of £80.00
Congestion fine has been charged to Player 4. Charge of £80.00
Congestion fine has been charged to Player 5. Charge of £80.00
Congestion fine has been charged to Player 6. Charge of £80.00
Congestion fine has been charged to Player 7. Charge of £80.00
Congestion fine has been charged to Player 8. Charge of £80.00
Congestion fine has been charged to Player 9. Charge of £80.00
Congestion fine has been charged to Player 10. Charge of £80.00
Player 1 passed GO! Bonus £200 and 1% of total rental cost of your properties: £0.00
Player 2 passed GO! Bonus £200 and 1% of total rental cost of your properties: £0.00
Player 3 passed GO! Bonus £200 and 1% of total rental cost of your properties: £0.00
Player 4 passed GO! Bonus £200 and 1% of total rental cost of your properties: £0.00
Player 5 passed GO! Bonus £200 and 1% of total rental cost of your properties: £0.00
Player 6 passed GO! Bonus £200 and 1% of total rental cost of your properties: £0.00
Player 7 passed GO! Bonus £200 and 1% of total rental cost of your properties: £0.00
Player 8 passed GO! Bonus £200 and 1% of total rental cost of your properties: £0.00
Player 9 passed GO! Bonus £200 and 1% of total rental cost of your properties: £0.00
Player 10 passed GO! Bonus £200 and 1% of total rental cost of your properties: £0.00
Congestion fine has been charged to Player 1. Charge of £50.00
Congestion fine has been charged to Player 2. Charge of £50.00
Congestion fine has been charged to Player 3. Charge of £50.00
Congestion fine has been charged to Player 4. Charge of £50.00
Congestion fine has been charged to Player 5. Charge of £50.00
Congestion fine has been charged to Player 6. Charge of £50.00
Congestion fine has been charged to Player 7. Charge of £50.00
Congestion fine has been charged to Player 8. Charge of £50.00
Congestion fine has been charged to Player 9. Charge of £50.00
Congestion fine has been charged to Player 10. Charge of £50.00
Congestion fine has been charged to Player 1. Charge of £70.00
Congestion fine has been charged to Player 2. Charge of £70.00
Congestion fine has been charged to Player 3. Charge of £70.00
Congestion fine has been charged to Player 4. Charge of £70.00
Congestion fine has been charged to Player 5. Charge of £70.00
Congestion fine has been charged to Player 6. Charge of £70.00
Congestion fine has been charged to Player 7. Charge of £70.00
Congestion fine has been charged to Player 8. Charge of £70.00
Congestion fine has been charged to Player 9. Charge of £70.00
Congestion fine has been charged to Player 10. Charge of £70.00
Player 1 passed GO! Bonus £200 and 1% of total rental cost of your properties: £0.00
Player 2 passed GO! Bonus £200 and 1% of total rental cost of your properties: £0.00
Player 3 passed GO! Bonus £200 and 1% of total rental cost of your properties: £0.00
Player 4 passed GO! Bonus £200 and 1% of total rental cost of your properties: £0.00
Player 5 passed GO! Bonus £200 and 1% of total rental cost of your properties: £0.00
Player 6 passed GO! Bonus £200 and 1% of total rental cost of your properties: £0.00
Player 7 passed GO! Bonus £200 and 1% of total rental cost of your properties: £0.00
Player 8 passed GO! Bonus £200 and 1% of total rental cost of your properties: £0.00
Player 9 passed GO! Bonus £200 and 1% of total rental cost of your properties: £0.00
Player 10 passed GO! Bonus £200 and 1% of total rental cost of your properties: £0.00
Player 1 passed GO! Bonus £200 and 1% of total rental cost of your properties: £0.00
Congestion fine has been charged to Player 1. Charge of £120.00
Player 2 passed GO! Bonus £200 and 1% of total rental cost of your properties: £0.00
Congestion fine has been charged to Player 2. Charge of £120.00
Player 3 passed GO! Bonus £200 and 1% of total rental cost of your properties: £0.00
Congestion fine has been charged to Player 3. Charge of £120.00
Player 4 passed GO! Bonus £200 and 1% of total rental cost of your properties: £0.00
Congestion fine has been charged to Player 4. Charge of £120.00
Player 5 passed GO! Bonus £200 and 1% of total rental cost of your properties: £0.00
Congestion fine has been charged to Player 5. Charge of £120.00
Player 6 passed GO! Bonus £200 and 1% of total rental cost of your properties: £0.00
Congestion fine has been charged to Player 6. Charge of £120.00
Player 7 passed GO! Bonus £200 and 1% of total rental cost of your properties: £0.00
Congestion fine has been charged to Player 7. Charge of £120.00
Player 8 passed GO! Bonus £200 and 1% of total rental cost of your properties: £0.00
Congestion fine has been charged to Player 8. Charge of £120.00
Player 9 passed GO! Bonus £200 and 1% of total rental cost of your properties: £0.00
Congestion fine has been charged to Player 9. Charge of £120.00
Player 10 passed GO! Bonus £200 and 1% of total rental cost of your properties: £0.00
Congestion fine has been charged to Player 10. Charge of £120.00
Player 1 passed GO! Bonus £200 and 1% of total rental cost of your properties: £0.00
Congestion fine has been charged to Player 1. Charge of £120.00
Player 2 passed GO! Bonus £200 and 1% of total rental cost of your properties: £0.00
Congestion fine has been charged to Player 2. Charge of £120.00
Player 3 passed GO! Bonus £200 and 1% of total rental cost of your properties: £0.00
Congestion fine has been charged to Player 3. Charge of £120.00
Player 4 passed GO! Bonus £200 and 1% of total rental cost of your properties: £0.00
Congestion fine has been charged to Player 4. Charge of £120.00
Player 5 passed GO! Bonus £200 and 1% of total rental cost of your properties: £0.00
Congestion fine has been charged to Player 5. Charge of £120.00
Player 6 passed GO! Bonus £200 and 1% of total rental cost of your properties: £0.00
Congestion fine has been charged to Player 6. Charge of £120.00
Player 7 passed GO! Bonus £200 and 1% of total rental cost of your properties: £0.00
Congestion fine has been charged to Player 7. Charge of £120.00
Player 8 passed GO! Bonus £200 and 1% of total rental cost of your properties: £0.00
Congestion fine has been charged to Player 8. Charge of £120.00
Player 9 passed GO! Bonus £200 and 1% of total rental cost of your properties: £0.00
Congestion fine has been charged to Player 9. Charge of £120.00
Player 10 passed GO! Bonus £200 and 1% of total rental cost of your properties: £0.00
Congestion fine has been charged to Player 10. Charge of £120.00
Player 1 passed GO! Bonus £200 and 1% of total rental cost of your properties: £0.00
Player 2 passed GO! Bonus £200 and 1% of total rental cost of your properties: £0.00
Player 3 passed GO! Bonus £200 and 1% of total rental cost of your properties: £0.00
Player 4 passed GO! Bonus £200 and 1% of total rental cost of your properties: £0.00
Player 5 passed GO! Bonus £200 and 1% of total rental cost of your properties: £0.00
Player 6 passed GO! Bonus £200 and 1% of total rental cost of your properties: £0.00
Player 7 passed GO! Bonus £200 and 1% of total rental cost of your properties: £0.00
Player 8 passed GO! Bonus £200 and 1% of total rental cost of your properties: £0.00
Player 9 passed GO! Bonus £200 and 1% of total rental cost of your properties: £0.00
Player 10 passed GO! Bonus £200 and 1% of total rental cost of your properties: £0.00
Player 1 passed GO! Bonus £200 and 1% of total rental cost of your properties: £0.00
Player 2 passed GO! Bonus £200 and 1% of total rental cost of your properties: £0.00
Player 3 passed GO! Bonus £200 and 1% of total rental cost of your properties: £0.00
Player 4 passed GO! Bonus £200 and 1% of total rental cost of your properties: £0.00
Player 5 passed GO! Bonus £200 and 1% of total rental cost of your properties: £0.00
Player 6 passed GO! Bonus £200 and 1% of total rental cost of your properties: £0.00
Player 7 passed GO! Bonus £200 and 1% of total rental cost of your properties: £0.00
Player 8 passed GO! Bonus £200 and 1% of total rental cost of your properties: £0.00
Player 9 passed GO! Bonus £200 and 1% of total rental cost of your properties: £0.00
Player 10 passed GO! Bonus £200 and 1% of total rental cost of your properties: £0.00
Player 1 passed GO! Bonus £200 and 1% of total rental cost of your properties: £0.00
Player 2 passed GO! Bonus £200 and 1% of total rental cost of your properties: £0.00
Player 3 passed GO! Bonus £200 and 1% of total rental cost of your properties: £0.00
Player 4 passed GO! Bonus £200 and 1% of total rental cost of your properties: £0.00
Player 5 passed GO! Bonus £200 and 1% of total rental cost of your properties: £0.00
Player 6 passed GO! Bonus £200 and 1% of total rental cost of your properties: £0.00
Player 7 passed GO! Bonus £200 and 1% of total rental cost of your properties: £0.00
Player 8 passed GO! Bonus £200 and 1% of total rental cost of your properties: £0.00
Player 9 passed GO! Bonus £200 and 1% of total rental cost of your properties: £0.00
Player 10 passed GO! Bonus £200 and 1% of total rental cost of your properties: £0.00
Congestion fine has been charged to Player 1. Charge of £50.00
Congestion fine has been charged to Player 2. Charge of £60.00
Congestion fine has been charged to Player 1. Charge of £80.00
Congestion fine has been charged to Player 2. Charge of £70.00
Congestion fine has been charged to Player 3. Charge of £70.00
Congestion fine has been charged to Player 2. Charge of £80.00
Congestion fine has been charged to Player 4. Charge of £100.00
]]></system-out>
  <system-err><![CDATA[]]></system-err>
</testsuite>
