<?xml version="1.0" encoding="UTF-8"?>
<testsuite name="com.cm6123.monopoly.s6bankruptcy.PropertyManagerTests" tests="3" skipped="0" failures="0" errors="0" timestamp="2025-05-01T13:32:05" hostname="Elas-MacBook-Air-5.local" time="0.002">
  <properties/>
  <testcase name="testProcessSpaceForPlayerMethodPlayerSellsTwoPropertiesToPayRent()" classname="com.cm6123.monopoly.s6bankruptcy.PropertyManagerTests" time="0.001"/>
  <testcase name="testProcessSpaceForPlayerMethodPlayerBankruptAfterSellingAllProperties()" classname="com.cm6123.monopoly.s6bankruptcy.PropertyManagerTests" time="0.001"/>
  <testcase name="testProcessSpaceForPlayerMethodPlayerSellsPropertyAndPaysRent()" classname="com.cm6123.monopoly.s6bankruptcy.PropertyManagerTests" time="0.0"/>
  <system-out><![CDATA[]]></system-out>
  <system-err><![CDATA[]]></system-err>
</testsuite>
