<?xml version="1.0" encoding="UTF-8"?>
<testsuite name="com.cm6123.monopoly.s1navigation.BoardTests" tests="5" skipped="0" failures="0" errors="0" timestamp="2025-05-01T13:32:04" hostname="Elas-MacBook-Air-5.local" time="0.037">
  <properties/>
  <testcase name="[1] 10" classname="com.cm6123.monopoly.s1navigation.BoardTests" time="0.029"/>
  <testcase name="[2] 16" classname="com.cm6123.monopoly.s1navigation.BoardTests" time="0.002"/>
  <testcase name="[3] 25" classname="com.cm6123.monopoly.s1navigation.BoardTests" time="0.001"/>
  <testcase name="[4] 34" classname="com.cm6123.monopoly.s1navigation.BoardTests" time="0.001"/>
  <testcase name="[5] 50" classname="com.cm6123.monopoly.s1navigation.BoardTests" time="0.001"/>
  <system-out><![CDATA[]]></system-out>
  <system-err><![CDATA[]]></system-err>
</testsuite>
