<?xml version="1.0" encoding="UTF-8"?>
<testsuite name="com.cm6123.monopoly.s4purchase.SpaceManagerTests" tests="4" skipped="0" failures="0" errors="0" timestamp="2025-05-01T13:32:05" hostname="Elas-MacBook-Air-5.local" time="0.054">
  <properties/>
  <testcase name="testHandlePlayerOnCongestionSpace()" classname="com.cm6123.monopoly.s4purchase.SpaceManagerTests" time="0.048"/>
  <testcase name="testHandlePlayerOnCourtSpace()" classname="com.cm6123.monopoly.s4purchase.SpaceManagerTests" time="0.001"/>
  <testcase name="testHandlePlayerOnRoadSpace()" classname="com.cm6123.monopoly.s4purchase.SpaceManagerTests" time="0.002"/>
  <testcase name="testHandlePlayerOnPropertySpace()" classname="com.cm6123.monopoly.s4purchase.SpaceManagerTests" time="0.002"/>
  <system-out><![CDATA[]]></system-out>
  <system-err><![CDATA[]]></system-err>
</testsuite>
