<?xml version="1.0" encoding="UTF-8"?>
<testsuite name="com.cm6123.monopoly.s6bankruptcy.GameControllerTests" tests="10" skipped="0" failures="0" errors="0" timestamp="2025-05-01T13:32:05" hostname="Elas-MacBook-Air-5.local" time="0.025">
  <properties/>
  <testcase name="testBankruptPlayerDoesNotMove()" classname="com.cm6123.monopoly.s6bankruptcy.GameControllerTests" time="0.0"/>
  <testcase name="[1] 3, 5, true" classname="com.cm6123.monopoly.s6bankruptcy.GameControllerTests" time="0.001"/>
  <testcase name="[2] 5, 5, true" classname="com.cm6123.monopoly.s6bankruptcy.GameControllerTests" time="0.0"/>
  <testcase name="[3] 6, 5, false" classname="com.cm6123.monopoly.s6bankruptcy.GameControllerTests" time="0.001"/>
  <testcase name="[4] 4, 4, true" classname="com.cm6123.monopoly.s6bankruptcy.GameControllerTests" time="0.0"/>
  <testcase name="[5] 7, 6, false" classname="com.cm6123.monopoly.s6bankruptcy.GameControllerTests" time="0.001"/>
  <testcase name="[6] 2, 5, true" classname="com.cm6123.monopoly.s6bankruptcy.GameControllerTests" time="0.001"/>
  <testcase name="[7] 4, 5, true" classname="com.cm6123.monopoly.s6bankruptcy.GameControllerTests" time="0.001"/>
  <testcase name="[1] 3, 5, false" classname="com.cm6123.monopoly.s6bankruptcy.GameControllerTests" time="0.002"/>
  <testcase name="[2] 4, 6, false" classname="com.cm6123.monopoly.s6bankruptcy.GameControllerTests" time="0.0"/>
  <system-out><![CDATA[]]></system-out>
  <system-err><![CDATA[]]></system-err>
</testsuite>
