<?xml version="1.0" encoding="UTF-8"?>
<testsuite name="com.cm6123.monopoly.s1navigation.DiceSetTests" tests="3" skipped="0" failures="0" errors="0" timestamp="2025-05-01T13:32:04" hostname="Elas-MacBook-Air-5.local" time="0.005">
  <properties/>
  <testcase name="testConstructorWithTwoDice()" classname="com.cm6123.monopoly.s1navigation.DiceSetTests" time="0.002"/>
  <testcase name="testValidDiceRange()" classname="com.cm6123.monopoly.s1navigation.DiceSetTests" time="0.002"/>
  <testcase name="testConstructorWithFaceCount()" classname="com.cm6123.monopoly.s1navigation.DiceSetTests" time="0.0"/>
  <system-out><![CDATA[]]></system-out>
  <system-err><![CDATA[]]></system-err>
</testsuite>
