<?xml version="1.0" encoding="UTF-8"?>
<testsuite name="com.cm6123.monopoly.s1navigation.PlayerTests" tests="5" skipped="0" failures="0" errors="0" timestamp="2025-05-01T13:32:05" hostname="Elas-MacBook-Air-5.local" time="0.003">
  <properties/>
  <testcase name="testSetAndGetBalance()" classname="com.cm6123.monopoly.s1navigation.PlayerTests" time="0.001"/>
  <testcase name="testGetPlayerId()" classname="com.cm6123.monopoly.s1navigation.PlayerTests" time="0.0"/>
  <testcase name="testSetAndGetLastRoll()" classname="com.cm6123.monopoly.s1navigation.PlayerTests" time="0.0"/>
  <testcase name="testSetAndHasPassedPosition1()" classname="com.cm6123.monopoly.s1navigation.PlayerTests" time="0.0"/>
  <testcase name="testSetAndGetPosition()" classname="com.cm6123.monopoly.s1navigation.PlayerTests" time="0.001"/>
  <system-out><![CDATA[]]></system-out>
  <system-err><![CDATA[]]></system-err>
</testsuite>
