<?xml version="1.0" encoding="UTF-8"?>
<testsuite name="com.cm6123.monopoly.s1navigation.RoundsTests" tests="8" skipped="0" failures="0" errors="0" timestamp="2025-05-01T13:32:05" hostname="Elas-MacBook-Air-5.local" time="0.005">
  <properties/>
  <testcase name="[1] 0" classname="com.cm6123.monopoly.s1navigation.RoundsTests" time="0.0"/>
  <testcase name="[2] 1" classname="com.cm6123.monopoly.s1navigation.RoundsTests" time="0.0"/>
  <testcase name="[3] 4" classname="com.cm6123.monopoly.s1navigation.RoundsTests" time="0.001"/>
  <testcase name="[4] 10" classname="com.cm6123.monopoly.s1navigation.RoundsTests" time="0.0"/>
  <testcase name="[5] 15" classname="com.cm6123.monopoly.s1navigation.RoundsTests" time="0.0"/>
  <testcase name="[6] 20" classname="com.cm6123.monopoly.s1navigation.RoundsTests" time="0.0"/>
  <testcase name="[7] 25" classname="com.cm6123.monopoly.s1navigation.RoundsTests" time="0.0"/>
  <testcase name="[8] 47" classname="com.cm6123.monopoly.s1navigation.RoundsTests" time="0.001"/>
  <system-out><![CDATA[]]></system-out>
  <system-err><![CDATA[]]></system-err>
</testsuite>
