<?xml version="1.0" encoding="UTF-8"?>
<testsuite name="com.cm6123.monopoly.s6bankruptcy.PlayerTests" tests="5" skipped="0" failures="0" errors="0" timestamp="2025-05-01T13:32:05" hostname="Elas-MacBook-Air-5.local" time="0.005">
  <properties/>
  <testcase name="testPlayerHasNoProperties()" classname="com.cm6123.monopoly.s6bankruptcy.PlayerTests" time="0.001"/>
  <testcase name="testSellPropertiesStillNotEnoughAfterSellingThreeProperties()" classname="com.cm6123.monopoly.s6bankruptcy.PlayerTests" time="0.001"/>
  <testcase name="testPlayerHasEnoughBalanceAlready()" classname="com.cm6123.monopoly.s6bankruptcy.PlayerTests" time="0.0"/>
  <testcase name="testSellPropertiesToCoverDebtSellingTwoProperties()" classname="com.cm6123.monopoly.s6bankruptcy.PlayerTests" time="0.0"/>
  <testcase name="testCheapestPropertyIsSoldFirst()" classname="com.cm6123.monopoly.s6bankruptcy.PlayerTests" time="0.0"/>
  <system-out><![CDATA[]]></system-out>
  <system-err><![CDATA[]]></system-err>
</testsuite>
