<?xml version="1.0" encoding="UTF-8"?>
<testsuite name="com.cm6123.monopoly.s2congestion.CongestionManagerTests" tests="11" skipped="0" failures="0" errors="0" timestamp="2025-05-01T13:32:05" hostname="Elas-MacBook-Air-5.local" time="0.008">
  <properties/>
  <testcase name="[1] 2" classname="com.cm6123.monopoly.s2congestion.CongestionManagerTests" time="0.001"/>
  <testcase name="[2] 3" classname="com.cm6123.monopoly.s2congestion.CongestionManagerTests" time="0.0"/>
  <testcase name="[3] 4" classname="com.cm6123.monopoly.s2congestion.CongestionManagerTests" time="0.0"/>
  <testcase name="[4] 5" classname="com.cm6123.monopoly.s2congestion.CongestionManagerTests" time="0.0"/>
  <testcase name="[5] 6" classname="com.cm6123.monopoly.s2congestion.CongestionManagerTests" time="0.0"/>
  <testcase name="[6] 7" classname="com.cm6123.monopoly.s2congestion.CongestionManagerTests" time="0.001"/>
  <testcase name="[7] 8" classname="com.cm6123.monopoly.s2congestion.CongestionManagerTests" time="0.001"/>
  <testcase name="[8] 9" classname="com.cm6123.monopoly.s2congestion.CongestionManagerTests" time="0.0"/>
  <testcase name="[9] 10" classname="com.cm6123.monopoly.s2congestion.CongestionManagerTests" time="0.0"/>
  <testcase name="[10] 11" classname="com.cm6123.monopoly.s2congestion.CongestionManagerTests" time="0.001"/>
  <testcase name="[11] 12" classname="com.cm6123.monopoly.s2congestion.CongestionManagerTests" time="0.0"/>
  <system-out><![CDATA[]]></system-out>
  <system-err><![CDATA[]]></system-err>
</testsuite>
