<?xml version="1.0" encoding="UTF-8"?>
<testsuite name="com.cm6123.monopoly.s6bankruptcy.CongestionManagerTests" tests="2" skipped="0" failures="0" errors="0" timestamp="2025-05-01T13:32:05" hostname="Elas-MacBook-Air-5.local" time="0.001">
  <properties/>
  <testcase name="testProcessSpaceForPlayer_PlayerCannotAffordAndGoesBankrupt()" classname="com.cm6123.monopoly.s6bankruptcy.CongestionManagerTests" time="0.001"/>
  <testcase name="testProcessSpaceForPlayer_PlayerCanAffordCharge()" classname="com.cm6123.monopoly.s6bankruptcy.CongestionManagerTests" time="0.0"/>
  <system-out><![CDATA[]]></system-out>
  <system-err><![CDATA[]]></system-err>
</testsuite>
